<?xml version="1.0" encoding="UTF-8"?>
<testng-results ignored="0" total="10" passed="9" failed="1" skipped="0">
  <reporter-output>
  </reporter-output>
  <suite started-at="2021-09-27T15:11:02 IST" name="Suite" finished-at="2021-09-27T15:13:08 IST" duration-ms="126320">
    <groups>
    </groups>
    <test started-at="2021-09-27T15:11:02 IST" name="Test" finished-at="2021-09-27T15:13:08 IST" duration-ms="126320">
      <class name="com.urbanladder.runner.Runner">
        <test-method is-config="true" signature="homePage()[pri:0, instance:com.urbanladder.runner.Runner@27b71f50]" started-at="2021-09-27T15:11:02 IST" name="homePage" finished-at="2021-09-27T15:11:04 IST" duration-ms="1603" status="PASS">
          <reporter-output>
          </reporter-output>
        </test-method> <!-- homePage -->
        <test-method signature="Login()[pri:0, instance:com.urbanladder.runner.Runner@27b71f50]" started-at="2021-09-27T15:11:04 IST" name="Login" finished-at="2021-09-27T15:11:17 IST" duration-ms="12889" status="PASS">
          <reporter-output>
          </reporter-output>
        </test-method> <!-- Login -->
        <test-method signature="DiningTable(java.lang.String)[pri:1, instance:com.urbanladder.runner.Runner@27b71f50]" started-at="2021-09-27T15:11:18 IST" name="DiningTable" data-provider="getSearchData" finished-at="2021-09-27T15:11:20 IST" duration-ms="2214" status="PASS">
          <params>
            <param index="0">
              <value>
                <![CDATA[dining tables]]>
              </value>
            </param>
          </params>
          <reporter-output>
          </reporter-output>
        </test-method> <!-- DiningTable -->
        <test-method signature="Sale()[pri:2, instance:com.urbanladder.runner.Runner@27b71f50]" started-at="2021-09-27T15:11:20 IST" name="Sale" finished-at="2021-09-27T15:11:36 IST" duration-ms="15858" status="PASS">
          <reporter-output>
          </reporter-output>
        </test-method> <!-- Sale -->
        <test-method signature="Living()[pri:3, instance:com.urbanladder.runner.Runner@27b71f50]" started-at="2021-09-27T15:11:36 IST" name="Living" finished-at="2021-09-27T15:11:51 IST" duration-ms="14527" status="PASS">
          <reporter-output>
          </reporter-output>
        </test-method> <!-- Living -->
        <test-method signature="Bedroom()[pri:4, instance:com.urbanladder.runner.Runner@27b71f50]" started-at="2021-09-27T15:11:51 IST" name="Bedroom" finished-at="2021-09-27T15:12:05 IST" duration-ms="13844" status="PASS">
          <reporter-output>
          </reporter-output>
        </test-method> <!-- Bedroom -->
        <test-method signature="Storage()[pri:5, instance:com.urbanladder.runner.Runner@27b71f50]" started-at="2021-09-27T15:12:05 IST" name="Storage" finished-at="2021-09-27T15:12:19 IST" duration-ms="13960" status="PASS">
          <reporter-output>
          </reporter-output>
        </test-method> <!-- Storage -->
        <test-method signature="Study()[pri:6, instance:com.urbanladder.runner.Runner@27b71f50]" started-at="2021-09-27T15:12:19 IST" name="Study" finished-at="2021-09-27T15:12:46 IST" duration-ms="27329" status="FAIL">
          <exception class="org.openqa.selenium.ElementNotInteractableException">
            <message>
              <![CDATA[element not interactable
  (Session info: chrome=93.0.4577.82)
Build info: version: '3.141.59', revision: 'e82be7d358', time: '2018-11-14T08:17:03'
System info: host: 'DESKTOP-DB8A208', ip: '192.168.0.102', os.name: 'Windows 10', os.arch: 'amd64', os.version: '10.0', java.version: '16.0.1'
Driver info: org.openqa.selenium.chrome.ChromeDriver
Capabilities {acceptInsecureCerts: false, browserName: chrome, browserVersion: 93.0.4577.82, chrome: {chromedriverVersion: 92.0.4515.107 (87a818b10553..., userDataDir: C:\Users\SURYAS~1\AppData\L...}, goog:chromeOptions: {debuggerAddress: localhost:59685}, javascriptEnabled: true, networkConnectionEnabled: false, pageLoadStrategy: normal, platform: WINDOWS, platformName: WINDOWS, proxy: Proxy(), setWindowRect: true, strictFileInteractability: false, timeouts: {implicit: 0, pageLoad: 300000, script: 30000}, unhandledPromptBehavior: dismiss and notify, webauthn:extension:credBlob: true, webauthn:extension:largeBlob: true, webauthn:virtualAuthenticators: true}
Session ID: 40d5b13a07e2f07d29614459225fc483]]>
            </message>
            <full-stacktrace>
              <![CDATA[org.openqa.selenium.ElementNotInteractableException: element not interactable
  (Session info: chrome=93.0.4577.82)
Build info: version: '3.141.59', revision: 'e82be7d358', time: '2018-11-14T08:17:03'
System info: host: 'DESKTOP-DB8A208', ip: '192.168.0.102', os.name: 'Windows 10', os.arch: 'amd64', os.version: '10.0', java.version: '16.0.1'
Driver info: org.openqa.selenium.chrome.ChromeDriver
Capabilities {acceptInsecureCerts: false, browserName: chrome, browserVersion: 93.0.4577.82, chrome: {chromedriverVersion: 92.0.4515.107 (87a818b10553..., userDataDir: C:\Users\SURYAS~1\AppData\L...}, goog:chromeOptions: {debuggerAddress: localhost:59685}, javascriptEnabled: true, networkConnectionEnabled: false, pageLoadStrategy: normal, platform: WINDOWS, platformName: WINDOWS, proxy: Proxy(), setWindowRect: true, strictFileInteractability: false, timeouts: {implicit: 0, pageLoad: 300000, script: 30000}, unhandledPromptBehavior: dismiss and notify, webauthn:extension:credBlob: true, webauthn:extension:largeBlob: true, webauthn:virtualAuthenticators: true}
Session ID: 40d5b13a07e2f07d29614459225fc483
at java.base/jdk.internal.reflect.NativeConstructorAccessorImpl.newInstance0(Native Method)
at java.base/jdk.internal.reflect.NativeConstructorAccessorImpl.newInstance(NativeConstructorAccessorImpl.java:78)
at java.base/jdk.internal.reflect.DelegatingConstructorAccessorImpl.newInstance(DelegatingConstructorAccessorImpl.java:45)
at java.base/java.lang.reflect.Constructor.newInstanceWithCaller(Constructor.java:499)
at java.base/java.lang.reflect.Constructor.newInstance(Constructor.java:480)
at org.openqa.selenium.remote.http.W3CHttpResponseCodec.createException(W3CHttpResponseCodec.java:187)
at org.openqa.selenium.remote.http.W3CHttpResponseCodec.decode(W3CHttpResponseCodec.java:122)
at org.openqa.selenium.remote.http.W3CHttpResponseCodec.decode(W3CHttpResponseCodec.java:49)
at org.openqa.selenium.remote.HttpCommandExecutor.execute(HttpCommandExecutor.java:158)
at org.openqa.selenium.remote.service.DriverCommandExecutor.execute(DriverCommandExecutor.java:83)
at org.openqa.selenium.remote.RemoteWebDriver.execute(RemoteWebDriver.java:552)
at org.openqa.selenium.remote.RemoteWebElement.execute(RemoteWebElement.java:285)
at org.openqa.selenium.remote.RemoteWebElement.click(RemoteWebElement.java:84)
at com.urbanladder.runner.Runner.Study(Runner.java:177)
at java.base/jdk.internal.reflect.NativeMethodAccessorImpl.invoke0(Native Method)
at java.base/jdk.internal.reflect.NativeMethodAccessorImpl.invoke(NativeMethodAccessorImpl.java:78)
at java.base/jdk.internal.reflect.DelegatingMethodAccessorImpl.invoke(DelegatingMethodAccessorImpl.java:43)
at java.base/java.lang.reflect.Method.invoke(Method.java:567)
at org.testng.internal.MethodInvocationHelper.invokeMethod(MethodInvocationHelper.java:133)
at org.testng.internal.TestInvoker.invokeMethod(TestInvoker.java:598)
at org.testng.internal.TestInvoker.invokeTestMethod(TestInvoker.java:173)
at org.testng.internal.MethodRunner.runInSequence(MethodRunner.java:46)
at org.testng.internal.TestInvoker$MethodInvocationAgent.invoke(TestInvoker.java:824)
at org.testng.internal.TestInvoker.invokeTestMethods(TestInvoker.java:146)
at org.testng.internal.TestMethodWorker.invokeTestMethods(TestMethodWorker.java:146)
at org.testng.internal.TestMethodWorker.run(TestMethodWorker.java:128)
at java.base/java.util.ArrayList.forEach(ArrayList.java:1511)
at org.testng.TestRunner.privateRun(TestRunner.java:794)
at org.testng.TestRunner.run(TestRunner.java:596)
at org.testng.SuiteRunner.runTest(SuiteRunner.java:377)
at org.testng.SuiteRunner.runSequentially(SuiteRunner.java:371)
at org.testng.SuiteRunner.privateRun(SuiteRunner.java:332)
at org.testng.SuiteRunner.run(SuiteRunner.java:276)
at org.testng.SuiteRunnerWorker.runSuite(SuiteRunnerWorker.java:53)
at org.testng.SuiteRunnerWorker.run(SuiteRunnerWorker.java:96)
at org.testng.TestNG.runSuitesSequentially(TestNG.java:1212)
at org.testng.TestNG.runSuitesLocally(TestNG.java:1134)
at org.testng.TestNG.runSuites(TestNG.java:1063)
at org.testng.TestNG.run(TestNG.java:1031)
at org.testng.remote.AbstractRemoteTestNG.run(AbstractRemoteTestNG.java:115)
at org.testng.remote.RemoteTestNG.initAndRun(RemoteTestNG.java:251)
at org.testng.remote.RemoteTestNG.main(RemoteTestNG.java:77)
]]>
            </full-stacktrace>
          </exception> <!-- org.openqa.selenium.ElementNotInteractableException -->
          <reporter-output>
          </reporter-output>
        </test-method> <!-- Study -->
        <test-method signature="Kids()[pri:7, instance:com.urbanladder.runner.Runner@27b71f50]" started-at="2021-09-27T15:12:47 IST" name="Kids" finished-at="2021-09-27T15:12:56 IST" duration-ms="9258" status="PASS">
          <reporter-output>
          </reporter-output>
        </test-method> <!-- Kids -->
        <test-method signature="GiftCard()[pri:8, instance:com.urbanladder.runner.Runner@27b71f50]" started-at="2021-09-27T15:12:56 IST" name="GiftCard" finished-at="2021-09-27T15:13:06 IST" duration-ms="10226" status="PASS">
          <reporter-output>
          </reporter-output>
        </test-method> <!-- GiftCard -->
        <test-method signature="BulkOrder()[pri:9, instance:com.urbanladder.runner.Runner@27b71f50]" started-at="2021-09-27T15:13:06 IST" name="BulkOrder" finished-at="2021-09-27T15:13:08 IST" duration-ms="1990" status="PASS">
          <reporter-output>
          </reporter-output>
        </test-method> <!-- BulkOrder -->
      </class> <!-- com.urbanladder.runner.Runner -->
    </test> <!-- Test -->
  </suite> <!-- Suite -->
</testng-results>
